Collecting google-auth
  Using cached google_auth-2.48.0-py3-none-any.whl.metadata (6.2 kB)
Collecting requests
  Downloading requests-2.32.5-py3-none-any.whl.metadata (4.9 kB)
Collecting google-auth-httplib2
  Downloading google_auth_httplib2-0.3.0-py3-none-any.whl.metadata (3.1 kB)
Collecting google-api-python-client
  Downloading google_api_python_client-2.192.0-py3-none-any.whl.metadata (7.0 kB)
Collecting pyasn1-modules>=0.2.1 (from google-auth)
  Downloading pyasn1_modules-0.4.2-py3-none-any.whl.metadata (3.5 kB)
Collecting cryptography>=38.0.3 (from google-auth)
  Downloading cryptography-46.0.5-cp311-abi3-manylinux_2_34_x86_64.whl.metadata (5.7 kB)
Collecting rsa<5,>=3.1.4 (from google-auth)
  Using cached rsa-4.9.1-py3-none-any.whl.metadata (5.6 kB)
Collecting pyasn1>=0.1.3 (from rsa<5,>=3.1.4->google-auth)
  Downloading pyasn1-0.6.2-py3-none-any.whl.metadata (8.4 kB)
Collecting charset_normalizer<4,>=2 (from requests)
  Downloading charset_normalizer-3.4.5-cp313-cp313-manylinux2014_x86_64.manylinux_2_17_x86_64.manylinux_2_28_x86_64.whl.metadata (39 kB)
Collecting idna<4,>=2.5 (from requests)
  Downloading idna-3.11-py3-none-any.whl.metadata (8.4 kB)
Collecting urllib3<3,>=1.21.1 (from requests)
  Downloading urllib3-2.6.3-py3-none-any.whl.metadata (6.9 kB)
Collecting certifi>=2017.4.17 (from requests)
  Downloading certifi-2026.2.25-py3-none-any.whl.metadata (2.5 kB)
Collecting httplib2<1.0.0,>=0.19.0 (from google-auth-httplib2)
  Downloading httplib2-0.31.2-py3-none-any.whl.metadata (2.2 kB)
Collecting pyparsing<4,>=3.1 (from httplib2<1.0.0,>=0.19.0->google-auth-httplib2)
  Downloading pyparsing-3.3.2-py3-none-any.whl.metadata (5.8 kB)
Collecting google-api-core!=2.0.*,!=2.1.*,!=2.2.*,!=2.3.0,<3.0.0,>=1.31.5 (from google-api-python-client)
  Downloading google_api_core-2.30.0-py3-none-any.whl.metadata (3.1 kB)
Collecting uritemplate<5,>=3.0.1 (from google-api-python-client)
  Downloading uritemplate-4.2.0-py3-none-any.whl.metadata (2.6 kB)
Collecting googleapis-common-protos<2.0.0,>=1.56.3 (from google-api-core!=2.0.*,!=2.1.*,!=2.2.*,!=2.3.0,<3.0.0,>=1.31.5->google-api-python-client)
  Downloading googleapis_common_protos-1.72.0-py3-none-any.whl.metadata (9.4 kB)
Collecting protobuf<7.0.0,>=4.25.8 (from google-api-core!=2.0.*,!=2.1.*,!=2.2.*,!=2.3.0,<3.0.0,>=1.31.5->google-api-python-client)
  Downloading protobuf-6.33.5-cp39-abi3-manylinux2014_x86_64.whl.metadata (593 bytes)
Collecting proto-plus<2.0.0,>=1.22.3 (from google-api-core!=2.0.*,!=2.1.*,!=2.2.*,!=2.3.0,<3.0.0,>=1.31.5->google-api-python-client)
  Downloading proto_plus-1.27.1-py3-none-any.whl.metadata (2.2 kB)
Collecting cffi>=2.0.0 (from cryptography>=38.0.3->google-auth)
  Downloading cffi-2.0.0-cp313-cp313-manylinux2014_x86_64.manylinux_2_17_x86_64.whl.metadata (2.6 kB)
Collecting pycparser (from cffi>=2.0.0->cryptography>=38.0.3->google-auth)
  Downloading pycparser-3.0-py3-none-any.whl.metadata (8.2 kB)
Using cached google_auth-2.48.0-py3-none-any.whl (236 kB)
Using cached rsa-4.9.1-py3-none-any.whl (34 kB)
Downloading requests-2.32.5-py3-none-any.whl (64 kB)
Downloading charset_normalizer-3.4.5-cp313-cp313-manylinux2014_x86_64.manylinux_2_17_x86_64.manylinux_2_28_x86_64.whl (195 kB)
Downloading idna-3.11-py3-none-any.whl (71 kB)
Downloading urllib3-2.6.3-py3-none-any.whl (131 kB)
Downloading google_auth_httplib2-0.3.0-py3-none-any.whl (9.5 kB)
Downloading httplib2-0.31.2-py3-none-any.whl (91 kB)
Downloading pyparsing-3.3.2-py3-none-any.whl (122 kB)
Downloading google_api_python_client-2.192.0-py3-none-any.whl (14.8 MB)
   ━━━━━━━━━━━━━━━━━━━━━━━━━━━━━━━━━━━━━━━━ 14.8/14.8 MB 77.1 MB/s  0:00:00
Downloading google_api_core-2.30.0-py3-none-any.whl (173 kB)
Downloading googleapis_common_protos-1.72.0-py3-none-any.whl (297 kB)
Downloading proto_plus-1.27.1-py3-none-any.whl (50 kB)
Downloading protobuf-6.33.5-cp39-abi3-manylinux2014_x86_64.whl (323 kB)
Downloading uritemplate-4.2.0-py3-none-any.whl (11 kB)
Downloading certifi-2026.2.25-py3-none-any.whl (153 kB)
Downloading cryptography-46.0.5-cp311-abi3-manylinux_2_34_x86_64.whl (4.5 MB)
   ━━━━━━━━━━━━━━━━━━━━━━━━━━━━━━━━━━━━━━━━ 4.5/4.5 MB 81.5 MB/s  0:00:00
Downloading cffi-2.0.0-cp313-cp313-manylinux2014_x86_64.manylinux_2_17_x86_64.whl (219 kB)
Downloading pyasn1-0.6.2-py3-none-any.whl (83 kB)
Downloading pyasn1_modules-0.4.2-py3-none-any.whl (181 kB)
Downloading pycparser-3.0-py3-none-any.whl (48 kB)
Installing collected packages: urllib3, uritemplate, pyparsing, pycparser, pyasn1, protobuf, idna, charset_normalizer, certifi, rsa, requests, pyasn1-modules, proto-plus, httplib2, googleapis-common-protos, cffi, cryptography, google-auth, google-auth-httplib2, google-api-core, google-api-python-client

Successfully installed certifi-2026.2.25 cffi-2.0.0 charset_normalizer-3.4.5 cryptography-46.0.5 google-api-core-2.30.0 google-api-python-client-2.192.0 google-auth-2.48.0 google-auth-httplib2-0.3.0 googleapis-common-protos-1.72.0 httplib2-0.31.2 idna-3.11 proto-plus-1.27.1 protobuf-6.33.5 pyasn1-0.6.2 pyasn1-modules-0.4.2 pycparser-3.0 pyparsing-3.3.2 requests-2.32.5 rsa-4.9.1 uritemplate-4.2.0 urllib3-2.6.3
